<?xml version="1.0" encoding="UTF-8"?>
<!-- Generated by org.testng.reporters.JUnitReportReporter -->
<testsuite hostname="LAPTOP-RTCFK094" name="dataDrivenTesting_apachePOI.ReadData" tests="1" failures="0" timestamp="13 Apr 2022 08:40:41 GMT" time="0.691" errors="0">
  <testcase name="testdata" time="0.691" classname="dataDrivenTesting_apachePOI.ReadData"/>
</testsuite> <!-- dataDrivenTesting_apachePOI.ReadData -->
